<?xml version="1.0" encoding="UTF-8"?>
<!-- Generated by org.testng.reporters.JUnitReportReporter -->
<testsuite skipped="0" hostname="AGI-IT-002" name="com.Aspen.testcases.LoginTest" tests="1" failures="0" timestamp="14 Aug 2017 12:41:39 GMT" time="0.405" errors="0">
  <testcase name="loginTest" time="0.405" classname="com.Aspen.testcases.LoginTest"/>
</testsuite> <!-- com.Aspen.testcases.LoginTest -->
